<?xml version="1.0" encoding="UTF-8"?>
<!-- Generated by org.testng.reporters.JUnitXMLReporter -->
<testsuite ignored="0" hostname="AshokLP" failures="0" tests="5" name="Default test" time="0.137" errors="0" timestamp="2024-02-12T16:17:01 IST">
  <testcase classname="TestNextGen.TestPriority" name="StartTheCar" time="0.066"/>
  <testcase classname="TestNextGen.TestPriority" name="PutFirstGear" time="0.002"/>
  <testcase classname="TestNextGen.TestPriority" name="SecondGear" time="0.001"/>
  <testcase classname="TestNextGen.TestPriority" name="ThirdGear" time="0.002"/>
  <testcase classname="TestNextGen.TestPriority" name="FourthGear" time="0.002"/>
</testsuite> <!-- Default test -->
