<?xml version="1.0" encoding="UTF-8"?>
<testng-results ignored="0" total="5" passed="5" failed="0" skipped="0">
  <reporter-output>
  </reporter-output>
  <suite started-at="2024-02-12T16:17:01 IST" name="Default suite" finished-at="2024-02-12T16:17:01 IST" duration-ms="137">
    <groups>
    </groups>
    <test started-at="2024-02-12T16:17:01 IST" name="Default test" finished-at="2024-02-12T16:17:01 IST" duration-ms="137">
      <class name="TestNextGen.TestPriority">
        <test-method signature="StartTheCar()[pri:0, instance:TestNextGen.TestPriority@268f106e]" started-at="2024-02-12T16:17:01 IST" name="StartTheCar" finished-at="2024-02-12T16:17:01 IST" duration-ms="66" status="PASS">
          <reporter-output>
          </reporter-output>
        </test-method> <!-- StartTheCar -->
        <test-method signature="PutFirstGear()[pri:1, instance:TestNextGen.TestPriority@268f106e]" started-at="2024-02-12T16:17:01 IST" name="PutFirstGear" finished-at="2024-02-12T16:17:01 IST" duration-ms="2" status="PASS">
          <reporter-output>
          </reporter-output>
        </test-method> <!-- PutFirstGear -->
        <test-method signature="SecondGear()[pri:2, instance:TestNextGen.TestPriority@268f106e]" started-at="2024-02-12T16:17:01 IST" name="SecondGear" finished-at="2024-02-12T16:17:01 IST" duration-ms="1" status="PASS">
          <reporter-output>
          </reporter-output>
        </test-method> <!-- SecondGear -->
        <test-method signature="ThirdGear()[pri:3, instance:TestNextGen.TestPriority@268f106e]" started-at="2024-02-12T16:17:01 IST" name="ThirdGear" finished-at="2024-02-12T16:17:01 IST" duration-ms="2" status="PASS">
          <reporter-output>
          </reporter-output>
        </test-method> <!-- ThirdGear -->
        <test-method signature="FourthGear()[pri:4, instance:TestNextGen.TestPriority@268f106e]" started-at="2024-02-12T16:17:01 IST" name="FourthGear" finished-at="2024-02-12T16:17:01 IST" duration-ms="2" status="PASS">
          <reporter-output>
          </reporter-output>
        </test-method> <!-- FourthGear -->
      </class> <!-- TestNextGen.TestPriority -->
    </test> <!-- Default test -->
  </suite> <!-- Default suite -->
</testng-results>
